2024.04.18 20:27:25 INFO  Started: Metals version 1.3.0 in folders 'C:\Users\Dmers\Code\school\Structure\Scala\TicTacToe' for client Visual Studio Code 1.88.1.
SLF4J: Class path contains multiple SLF4J providers.
SLF4J: Found provider [scribe.slf4j.ScribeServiceProvider@1c5f63f0]
SLF4J: Found provider [ch.qos.logback.classic.spi.LogbackServiceProvider@4f939fe0]
SLF4J: See https://www.slf4j.org/codes.html#multiple_bindings for an explanation.
SLF4J: Actual provider is of type [scribe.slf4j.ScribeServiceProvider@1c5f63f0]
2024.04.18 20:27:26 WARN  Flyway upgrade recommended: H2 2.2.224 is newer than this version of Flyway and support has not been tested. The latest supported version of H2 is 2.2.220.
2024.04.18 20:28:09 INFO  running 'C:\Program Files\Java\jdk-21\bin\java.exe -Djline.terminal=jline.UnsupportedTerminal -Dsbt.log.noformat=true -Dfile.encoding=UTF-8 -jar C:\Users\Dmers\AppData\Local\Temp\metals12287754157574391648\sbt-launch.jar -Dbloop.export-jar-classifiers=sources bloopInstall'
2024.04.18 20:28:11 INFO  [info] welcome to sbt 1.9.9 (Oracle Corporation Java 21.0.3)
2024.04.18 20:28:13 INFO  [info] loading settings for project tictactoe-build-build from metals.sbt ...
2024.04.18 20:28:13 INFO  [info] loading project definition from C:\Users\Dmers\Code\school\Structure\Scala\TicTacToe\tictactoe\project\project
2024.04.18 20:28:15 INFO  [info] loading settings for project tictactoe-build from metals.sbt ...
2024.04.18 20:28:15 INFO  [info] loading project definition from C:\Users\Dmers\Code\school\Structure\Scala\TicTacToe\tictactoe\project
2024.04.18 20:28:17 INFO  [success] Generated .bloop\tictactoe-build.json
2024.04.18 20:28:17 INFO  [success] Total time: 2 s, completed Apr 18, 2024, 8:28:17 PM
2024.04.18 20:28:18 INFO  [info] loading settings for project root from build.sbt ...
2024.04.18 20:28:18 INFO  [info] set current project to TicTacToe (in build file:/C:/Users/Dmers/Code/school/Structure/Scala/TicTacToe/tictactoe/)
2024.04.18 20:28:18 INFO  [success] Generated .bloop\root-test.json
2024.04.18 20:28:18 INFO  [success] Generated .bloop\root.json
2024.04.18 20:28:18 INFO  [success] Total time: 1 s, completed Apr 18, 2024, 8:28:19 PM
2024.04.18 20:28:19 INFO  time: ran 'sbt bloopInstall' in 9.98s
2024.04.18 20:28:19 INFO  Attempting to connect to the build server...
2024.04.18 20:28:19 INFO  tracing is disabled for protocol BSP, to enable tracing of incoming and outgoing JSON messages create an empty file at C:\Users\Dmers\Code\school\Structure\Scala\TicTacToe\.metals\bsp.trace.json or C:\Users\Dmers\AppData\Local\scalameta\metals\cache\bsp.trace.json
2024.04.18 20:28:19 INFO  time: Connected to build server in 0.13s
2024.04.18 20:28:19 INFO  Connected to Build server: Bloop v1.5.17
2024.04.18 20:28:22 INFO  time: indexed workspace in 2.66s
2024.04.18 20:28:33 INFO  compiling root (4 scala sources)
2024.04.18 20:28:33 INFO  time: compiled root in 0.19s
Apr 18, 2024 8:28:44 PM scala.meta.internal.pc.CompilerAccess handleError
SEVERE: A severe compiler error occurred, full details of the error can be found in the error report C:\Users\Dmers\Code\school\Structure\Scala\TicTacToe\.metals\.reports\metals-full\2024-04-18\r_compiler-error_(root)_20-28-44-100.md
2024.04.18 20:30:04 INFO  compiling root (4 scala sources)
2024.04.18 20:30:04 INFO  time: compiled root in 0.17s
Apr 18, 2024 8:30:07 PM scala.meta.internal.pc.CompilerAccess handleError
SEVERE: A severe compiler error occurred, full details of the error can be found in the error report C:\Users\Dmers\Code\school\Structure\Scala\TicTacToe\.metals\.reports\metals-full\2024-04-18\r_compiler-error_(root)_20-30-07-614.md
2024.04.18 20:31:03 INFO  compiling root (4 scala sources)
2024.04.18 20:31:03 INFO  time: compiled root in 0.14s
2024.04.18 20:31:36 INFO  compiling root (4 scala sources)
2024.04.18 20:31:36 INFO  time: compiled root in 0.11s
2024.04.18 20:31:45 INFO  compiling root (4 scala sources)
2024.04.18 20:31:45 INFO  time: compiled root in 0.11s
2024.04.18 20:31:47 INFO  compiling root (4 scala sources)
2024.04.18 20:31:47 INFO  time: compiled root in 0.11s
2024.04.18 20:31:47 INFO  compiling root (4 scala sources)
2024.04.18 20:31:47 INFO  time: compiled root in 0.1s
2024.04.18 20:32:12 WARN  Using indexes to guess the definition of Draw
2024.04.18 20:32:12 WARN  Using indexes to guess the definition of GameStatus
2024.04.18 20:34:19 INFO  compiling root (4 scala sources)
2024.04.18 20:34:19 INFO  time: compiled root in 0.1s
2024.04.18 20:34:20 INFO  compiling root (4 scala sources)
2024.04.18 20:34:20 INFO  time: compiled root in 93ms
Apr 18, 2024 8:36:38 PM org.eclipse.lsp4j.jsonrpc.RemoteEndpoint handleCancellation
WARNING: Unmatched cancel notification for request id 315
2024.04.18 20:36:59 INFO  compiling root (4 scala sources)
2024.04.18 20:36:59 INFO  time: compiled root in 0.18s
2024.04.18 20:37:00 INFO  compiling root (4 scala sources)
2024.04.18 20:37:00 INFO  time: compiled root in 99ms
2024.04.18 20:37:02 INFO  compiling root (4 scala sources)
2024.04.18 20:37:02 INFO  time: compiled root in 0.12s
2024.04.18 20:37:21 INFO  compiling root (4 scala sources)
2024.04.18 20:37:21 INFO  time: compiled root in 0.56s
2024.04.18 20:38:39 INFO  compiling root (1 scala source)
2024.04.18 20:38:39 INFO  time: compiled root in 79ms
2024.04.18 20:38:50 INFO  compiling root (1 scala source)
2024.04.18 20:38:50 INFO  time: compiled root in 72ms
Apr 18, 2024 8:43:33 PM org.eclipse.lsp4j.jsonrpc.RemoteEndpoint handleCancellation
WARNING: Unmatched cancel notification for request id 833
Apr 18, 2024 8:43:35 PM org.eclipse.lsp4j.jsonrpc.RemoteEndpoint handleCancellation
WARNING: Unmatched cancel notification for request id 843
Apr 18, 2024 8:43:39 PM org.eclipse.lsp4j.jsonrpc.RemoteEndpoint handleCancellation
WARNING: Unmatched cancel notification for request id 854
Apr 18, 2024 8:43:40 PM org.eclipse.lsp4j.jsonrpc.RemoteEndpoint handleCancellation
WARNING: Unmatched cancel notification for request id 864
Apr 18, 2024 8:43:42 PM org.eclipse.lsp4j.jsonrpc.RemoteEndpoint handleCancellation
WARNING: Unmatched cancel notification for request id 875
Apr 18, 2024 8:43:52 PM org.eclipse.lsp4j.jsonrpc.RemoteEndpoint handleCancellation
WARNING: Unmatched cancel notification for request id 906
Apr 18, 2024 8:43:55 PM org.eclipse.lsp4j.jsonrpc.RemoteEndpoint handleCancellation
WARNING: Unmatched cancel notification for request id 918
Apr 18, 2024 8:44:04 PM org.eclipse.lsp4j.jsonrpc.RemoteEndpoint handleCancellation
WARNING: Unmatched cancel notification for request id 937
Apr 18, 2024 8:44:26 PM org.eclipse.lsp4j.jsonrpc.RemoteEndpoint handleCancellation
WARNING: Unmatched cancel notification for request id 959
2024.04.18 20:44:40 INFO  compiling root (2 scala sources)
2024.04.18 20:44:40 INFO  time: compiled root in 99ms
2024.04.18 20:44:40 INFO  compiling root (2 scala sources)
2024.04.18 20:44:40 INFO  time: compiled root in 0.12s
2024.04.18 20:44:46 INFO  compiling root (2 scala sources)
2024.04.18 20:44:46 INFO  time: compiled root in 0.23s
2024.04.18 20:45:51 ERROR Failed to tokenize input for semantic tokens for C:\Users\Dmers\Code\school\Structure\Scala\TicTacToe\tictactoe\src\main\scala\TicTacToe.scala
scala.meta.tokenizers.TokenizeException: <input>:13: error: unclosed string literal
    println("\n\nNew Turn ---\")
            ^
	at scala.meta.internal.tokenizers.Reporter.syntaxError(Reporter.scala:23)
	at scala.meta.internal.tokenizers.Reporter.syntaxError$(Reporter.scala:23)
	at scala.meta.internal.tokenizers.Reporter$$anon$1.syntaxError(Reporter.scala:33)
	at scala.meta.internal.tokenizers.Reporter.syntaxError(Reporter.scala:25)
	at scala.meta.internal.tokenizers.Reporter.syntaxError$(Reporter.scala:25)
	at scala.meta.internal.tokenizers.Reporter$$anon$1.syntaxError(Reporter.scala:33)
	at scala.meta.internal.tokenizers.LegacyScanner.getStringLit(LegacyScanner.scala:560)
	at scala.meta.internal.tokenizers.LegacyScanner.fetchDoubleQuote$1(LegacyScanner.scala:379)
	at scala.meta.internal.tokenizers.LegacyScanner.fetchToken(LegacyScanner.scala:383)
	at scala.meta.internal.tokenizers.LegacyScanner.nextToken(LegacyScanner.scala:214)
	at scala.meta.internal.tokenizers.LegacyScanner.foreach(LegacyScanner.scala:982)
	at scala.meta.internal.tokenizers.ScalametaTokenizer.uncachedTokenize(ScalametaTokenizer.scala:23)
	at scala.meta.internal.tokenizers.ScalametaTokenizer.$anonfun$tokenize$1(ScalametaTokenizer.scala:16)
	at scala.collection.concurrent.TrieMap.getOrElseUpdate(TrieMap.scala:960)
	at scala.meta.internal.tokenizers.ScalametaTokenizer.tokenize(ScalametaTokenizer.scala:16)
	at scala.meta.internal.tokenizers.ScalametaTokenizer$$anon$2.apply(ScalametaTokenizer.scala:331)
	at scala.meta.tokenizers.Api$XtensionTokenizeDialectInput.tokenize(Api.scala:25)
	at scala.meta.tokenizers.Api$XtensionTokenizeInputLike.tokenize(Api.scala:14)
	at scala.meta.internal.metals.SemanticTokensProvider$.getTokens(SemanticTokensProvider.scala:28)
	at scala.meta.internal.metals.SemanticTokensProvider$.provide(SemanticTokensProvider.scala:89)
	at scala.meta.internal.metals.Compilers.$anonfun$semanticTokens$3(Compilers.scala:597)
	at scala.concurrent.impl.Promise$Transformation.run(Promise.scala:467)
	at java.util.concurrent.ThreadPoolExecutor.runWorker(ThreadPoolExecutor.java:1144)
	at java.util.concurrent.ThreadPoolExecutor$Worker.run(ThreadPoolExecutor.java:642)
	at java.lang.Thread.run(Thread.java:1583)

2024.04.18 20:46:04 INFO  compiling root (1 scala source)
2024.04.18 20:46:04 INFO  time: compiled root in 0.15s
2024.04.18 20:48:01 INFO  compiling root (1 scala source)
2024.04.18 20:48:01 INFO  time: compiled root in 0.16s
2024.04.18 20:48:53 INFO  compiling root (1 scala source)
2024.04.18 20:48:53 INFO  time: compiled root in 0.17s
2024.04.18 20:48:53 INFO  compiling root (1 scala source)
2024.04.18 20:48:53 INFO  time: compiled root in 0.17s
2024.04.18 20:49:23 INFO  compiling root (1 scala source)
2024.04.18 20:49:23 INFO  time: compiled root in 0.16s
2024.04.18 20:49:23 INFO  compiling root (1 scala source)
2024.04.18 20:49:23 INFO  time: compiled root in 0.15s
2024.04.18 20:49:25 INFO  compiling root (1 scala source)
2024.04.18 20:49:25 INFO  time: compiled root in 0.15s
2024.04.18 20:49:25 INFO  compiling root (1 scala source)
2024.04.18 20:49:25 INFO  time: compiled root in 0.15s
2024.04.18 20:49:26 INFO  compiling root (1 scala source)
2024.04.18 20:49:26 INFO  time: compiled root in 0.15s
2024.04.18 20:49:26 INFO  compiling root (1 scala source)
2024.04.18 20:49:26 INFO  time: compiled root in 0.15s
2024.04.18 20:50:07 INFO  compiling root (1 scala source)
2024.04.18 20:50:07 INFO  time: compiled root in 0.16s
2024.04.18 20:55:19 INFO  compiling root (1 scala source)
2024.04.18 20:55:19 INFO  time: compiled root in 0.13s
2024.04.18 20:56:35 INFO  compiling root (1 scala source)
2024.04.18 20:56:35 INFO  time: compiled root in 0.14s
Apr 18, 2024 8:57:22 PM org.eclipse.lsp4j.jsonrpc.RemoteEndpoint handleCancellation
WARNING: Unmatched cancel notification for request id 1729
Apr 18, 2024 8:57:24 PM org.eclipse.lsp4j.jsonrpc.RemoteEndpoint handleCancellation
WARNING: Unmatched cancel notification for request id 1746
Apr 18, 2024 8:57:49 PM org.eclipse.lsp4j.jsonrpc.RemoteEndpoint handleCancellation
WARNING: Unmatched cancel notification for request id 1767
2024.04.18 20:57:59 INFO  compiling root (1 scala source)
2024.04.18 20:57:59 INFO  time: compiled root in 56ms
2024.04.18 20:58:50 INFO  compiling root (1 scala source)
2024.04.18 20:58:50 INFO  time: compiled root in 0.12s
2024.04.18 20:58:57 INFO  compiling root (1 scala source)
2024.04.18 20:58:57 INFO  time: compiled root in 0.13s
2024.04.18 21:01:47 INFO  compiling root (1 scala source)
2024.04.18 21:01:47 INFO  time: compiled root in 72ms
2024.04.18 21:01:48 INFO  compiling root (2 scala sources)
2024.04.18 21:01:48 INFO  time: compiled root in 77ms
2024.04.18 21:02:09 INFO  compiling root (2 scala sources)
2024.04.18 21:02:09 INFO  time: compiled root in 93ms
2024.04.18 21:02:38 INFO  compiling root (2 scala sources)
2024.04.18 21:02:38 INFO  time: compiled root in 73ms
2024.04.18 21:02:40 INFO  compiling root (2 scala sources)
2024.04.18 21:02:40 INFO  time: compiled root in 68ms
Apr 18, 2024 9:02:41 PM org.eclipse.lsp4j.jsonrpc.RemoteEndpoint handleCancellation
WARNING: Unmatched cancel notification for request id 2172
2024.04.18 21:04:29 INFO  compiling root (2 scala sources)
2024.04.18 21:04:29 INFO  time: compiled root in 0.16s
2024.04.18 21:05:11 INFO  compiling root-test (1 scala source)
2024.04.18 21:05:11 INFO  time: compiled root-test in 0.14s
2024.04.18 21:05:12 INFO  compiling root (1 scala source)
2024.04.18 21:05:12 INFO  time: compiled root in 0.14s
2024.04.18 21:09:12 INFO  compiling root (1 scala source)
2024.04.18 21:09:12 INFO  time: compiled root in 0.13s
Apr 18, 2024 9:10:59 PM org.eclipse.lsp4j.jsonrpc.RemoteEndpoint handleCancellation
WARNING: Unmatched cancel notification for request id 2312
2024.04.18 21:11:05 WARN  Could not find semantic tokens for: file:///C:/Users/Dmers/Code/school/Structure/Scala/TicTacToe/tictactoe/src/main/scala/TicTacToe.scala
2024.04.18 21:11:21 INFO  compiling root (1 scala source)
2024.04.18 21:11:21 INFO  time: compiled root in 0.17s
2024.04.18 21:13:12 INFO  compiling root (2 scala sources)
2024.04.18 21:13:12 INFO  time: compiled root in 0.25s
2024.04.18 21:13:25 INFO  compiling root (1 scala source)
2024.04.18 21:13:25 INFO  time: compiled root in 0.17s
2024.04.18 21:14:24 INFO  compiling root (2 scala sources)
2024.04.18 21:14:24 INFO  time: compiled root in 0.17s
2024.04.18 21:14:39 INFO  compiling root (2 scala sources)
2024.04.18 21:14:39 INFO  time: compiled root in 0.24s
Apr 18, 2024 9:15:36 PM org.eclipse.lsp4j.jsonrpc.RemoteEndpoint handleCancellation
WARNING: Unmatched cancel notification for request id 2613
2024.04.18 21:15:38 INFO  compiling root (2 scala sources)
2024.04.18 21:15:38 INFO  time: compiled root in 0.25s
2024.04.18 21:15:45 INFO  compiling root (2 scala sources)
2024.04.18 21:15:45 INFO  time: compiled root in 0.24s
2024.04.18 21:16:10 INFO  compiling root (4 scala sources)
2024.04.18 21:16:10 INFO  time: compiled root in 0.27s
2024.04.18 21:16:11 WARN  Could not load snapshot text for C:\Users\Dmers\Code\school\Structure\Scala\TicTacToe\tictactoe\src\main\scala\Board.scala
2024.04.18 21:16:11 INFO  compiling root (4 scala sources)
2024.04.18 21:16:11 INFO  time: compiled root in 0.25s
2024.04.18 21:16:12 INFO  compiling root (4 scala sources)
2024.04.18 21:16:12 INFO  time: compiled root in 0.24s
Apr 18, 2024 9:16:14 PM org.eclipse.lsp4j.jsonrpc.RemoteEndpoint handleCancellation
WARNING: Unmatched cancel notification for request id 2690
2024.04.18 21:16:15 WARN  Could not load snapshot text for C:\Users\Dmers\Code\school\Structure\Scala\TicTacToe\tictactoe\src\main\scala\Board.scala
2024.04.18 21:17:08 WARN  Could not load snapshot text for C:\Users\Dmers\Code\school\Structure\Scala\TicTacToe\tictactoe\src\main\scala\Board.scala
2024.04.18 21:18:08 WARN  Could not load snapshot text for C:\Users\Dmers\Code\school\Structure\Scala\TicTacToe\tictactoe\src\main\scala\Board.scala
2024.04.18 21:19:30 INFO  compiling root (4 scala sources)
2024.04.18 21:19:30 INFO  time: compiled root in 0.24s
2024.04.18 21:20:56 WARN  Could not load snapshot text for C:\Users\Dmers\Code\school\Structure\Scala\TicTacToe\tictactoe\src\main\scala\Board.scala
2024.04.18 21:21:05 WARN  Could not load snapshot text for C:\Users\Dmers\Code\school\Structure\Scala\TicTacToe\tictactoe\src\main\scala\Board.scala
2024.04.18 21:21:07 WARN  Could not load snapshot text for C:\Users\Dmers\Code\school\Structure\Scala\TicTacToe\tictactoe\src\main\scala\Board.scala
2024.04.18 21:21:10 WARN  Could not load snapshot text for C:\Users\Dmers\Code\school\Structure\Scala\TicTacToe\tictactoe\src\main\scala\Board.scala
2024.04.18 21:21:12 WARN  Could not load snapshot text for C:\Users\Dmers\Code\school\Structure\Scala\TicTacToe\tictactoe\src\main\scala\Board.scala
2024.04.18 21:21:12 INFO  compiling root (4 scala sources)
2024.04.18 21:21:12 INFO  time: compiled root in 0.21s
2024.04.18 21:21:13 WARN  Could not load snapshot text for C:\Users\Dmers\Code\school\Structure\Scala\TicTacToe\tictactoe\src\main\scala\Board.scala
2024.04.18 21:21:26 INFO  compiling root (4 scala sources)
2024.04.18 21:21:26 INFO  time: compiled root in 0.2s
Apr 18, 2024 9:21:28 PM org.eclipse.lsp4j.jsonrpc.RemoteEndpoint handleCancellation
WARNING: Unmatched cancel notification for request id 2910
2024.04.18 21:21:41 WARN  Could not load snapshot text for C:\Users\Dmers\Code\school\Structure\Scala\TicTacToe\tictactoe\src\main\scala\Board.scala
Apr 18, 2024 9:21:44 PM org.eclipse.lsp4j.jsonrpc.RemoteEndpoint handleCancellation
WARNING: Unmatched cancel notification for request id 2931
2024.04.18 21:21:57 INFO  compiling root (4 scala sources)
2024.04.18 21:21:57 INFO  time: compiled root in 0.21s
2024.04.18 21:21:59 INFO  compiling root (4 scala sources)
2024.04.18 21:21:59 INFO  time: compiled root in 0.21s
2024.04.18 21:23:08 WARN  Could not load snapshot text for C:\Users\Dmers\Code\school\Structure\Scala\TicTacToe\tictactoe\src\main\scala\Board.scala
2024.04.18 21:23:12 WARN  Could not load snapshot text for C:\Users\Dmers\Code\school\Structure\Scala\TicTacToe\tictactoe\src\main\scala\Board.scala
2024.04.18 21:23:14 WARN  Could not load snapshot text for C:\Users\Dmers\Code\school\Structure\Scala\TicTacToe\tictactoe\src\main\scala\Board.scala
2024.04.18 21:23:14 INFO  compiling root (4 scala sources)
2024.04.18 21:23:14 INFO  time: compiled root in 0.25s
2024.04.18 21:23:15 WARN  Could not load snapshot text for C:\Users\Dmers\Code\school\Structure\Scala\TicTacToe\tictactoe\src\main\scala\Board.scala
2024.04.18 21:23:16 WARN  Could not load snapshot text for C:\Users\Dmers\Code\school\Structure\Scala\TicTacToe\tictactoe\src\main\scala\Board.scala
2024.04.18 21:23:16 WARN  Could not load snapshot text for C:\Users\Dmers\Code\school\Structure\Scala\TicTacToe\tictactoe\src\main\scala\Board.scala
2024.04.18 21:23:18 WARN  Could not load snapshot text for C:\Users\Dmers\Code\school\Structure\Scala\TicTacToe\tictactoe\src\main\scala\Board.scala
2024.04.18 21:23:18 WARN  Could not load snapshot text for C:\Users\Dmers\Code\school\Structure\Scala\TicTacToe\tictactoe\src\main\scala\Board.scala
2024.04.18 21:23:18 WARN  Could not load snapshot text for C:\Users\Dmers\Code\school\Structure\Scala\TicTacToe\tictactoe\src\main\scala\Board.scala
2024.04.18 21:23:18 WARN  Could not load snapshot text for C:\Users\Dmers\Code\school\Structure\Scala\TicTacToe\tictactoe\src\main\scala\Board.scala
2024.04.18 21:23:18 WARN  Could not load snapshot text for C:\Users\Dmers\Code\school\Structure\Scala\TicTacToe\tictactoe\src\main\scala\Board.scala
2024.04.18 21:23:18 WARN  Could not load snapshot text for C:\Users\Dmers\Code\school\Structure\Scala\TicTacToe\tictactoe\src\main\scala\Board.scala
2024.04.18 21:23:18 WARN  Could not load snapshot text for C:\Users\Dmers\Code\school\Structure\Scala\TicTacToe\tictactoe\src\main\scala\Board.scala
2024.04.18 21:23:18 WARN  Could not load snapshot text for C:\Users\Dmers\Code\school\Structure\Scala\TicTacToe\tictactoe\src\main\scala\Board.scala
2024.04.18 21:23:18 WARN  Could not load snapshot text for C:\Users\Dmers\Code\school\Structure\Scala\TicTacToe\tictactoe\src\main\scala\Board.scala
2024.04.18 21:23:18 WARN  Could not load snapshot text for C:\Users\Dmers\Code\school\Structure\Scala\TicTacToe\tictactoe\src\main\scala\Board.scala
2024.04.18 21:23:18 WARN  Could not load snapshot text for C:\Users\Dmers\Code\school\Structure\Scala\TicTacToe\tictactoe\src\main\scala\Board.scala
2024.04.18 21:23:18 WARN  Could not load snapshot text for C:\Users\Dmers\Code\school\Structure\Scala\TicTacToe\tictactoe\src\main\scala\Board.scala
2024.04.18 21:23:18 WARN  Could not load snapshot text for C:\Users\Dmers\Code\school\Structure\Scala\TicTacToe\tictactoe\src\main\scala\Board.scala
2024.04.18 21:23:18 WARN  Could not load snapshot text for C:\Users\Dmers\Code\school\Structure\Scala\TicTacToe\tictactoe\src\main\scala\Board.scala
2024.04.18 21:23:18 INFO  compiling root (4 scala sources)
2024.04.18 21:23:18 INFO  time: compiled root in 0.22s
2024.04.18 21:23:19 WARN  Could not load snapshot text for C:\Users\Dmers\Code\school\Structure\Scala\TicTacToe\tictactoe\src\main\scala\Board.scala
2024.04.18 21:24:26 WARN  Could not load snapshot text for C:\Users\Dmers\Code\school\Structure\Scala\TicTacToe\tictactoe\src\main\scala\Board.scala
2024.04.18 21:24:45 WARN  Could not load snapshot text for C:\Users\Dmers\Code\school\Structure\Scala\TicTacToe\tictactoe\src\main\scala\Board.scala
2024.04.18 21:25:33 INFO  compiling root (4 scala sources)
2024.04.18 21:25:33 INFO  time: compiled root in 0.2s
2024.04.18 21:25:33 INFO  compiling root (4 scala sources)
2024.04.18 21:25:33 INFO  time: compiled root in 0.24s
2024.04.18 21:25:34 INFO  compiling root (4 scala sources)
2024.04.18 21:25:34 INFO  time: compiled root in 0.17s
2024.04.18 21:25:36 INFO  compiling root (4 scala sources)
2024.04.18 21:25:36 INFO  time: compiled root in 0.17s
2024.04.18 21:26:20 INFO  compiling root (4 scala sources)
2024.04.18 21:26:20 INFO  time: compiled root in 0.27s
Apr 18, 2024 9:28:58 PM org.eclipse.lsp4j.jsonrpc.RemoteEndpoint handleCancellation
WARNING: Unmatched cancel notification for request id 3229
2024.04.18 21:29:16 INFO  compiling root (1 scala source)
2024.04.18 21:29:16 INFO  time: compiled root in 0.16s
2024.04.18 21:29:16 WARN  Could not load snapshot text for C:\Users\Dmers\Code\school\Structure\Scala\TicTacToe\tictactoe\src\main\scala\TicTacToe.scala
2024.04.18 21:29:16 WARN  Could not load snapshot text for C:\Users\Dmers\Code\school\Structure\Scala\TicTacToe\tictactoe\src\main\scala\TicTacToe.scala
2024.04.18 21:29:16 WARN  Could not load snapshot text for C:\Users\Dmers\Code\school\Structure\Scala\TicTacToe\tictactoe\src\main\scala\TicTacToe.scala
2024.04.18 21:29:16 WARN  Could not load snapshot text for C:\Users\Dmers\Code\school\Structure\Scala\TicTacToe\tictactoe\src\main\scala\TicTacToe.scala
2024.04.18 21:29:17 WARN  Could not load snapshot text for C:\Users\Dmers\Code\school\Structure\Scala\TicTacToe\tictactoe\src\main\scala\TicTacToe.scala
2024.04.18 21:29:19 WARN  Could not load snapshot text for C:\Users\Dmers\Code\school\Structure\Scala\TicTacToe\tictactoe\src\main\scala\TicTacToe.scala
2024.04.18 21:29:19 INFO  compiling root (1 scala source)
2024.04.18 21:29:19 INFO  time: compiled root in 0.14s
2024.04.18 21:29:19 WARN  Could not load snapshot text for C:\Users\Dmers\Code\school\Structure\Scala\TicTacToe\tictactoe\src\main\scala\TicTacToe.scala
2024.04.18 21:29:23 WARN  Could not load snapshot text for C:\Users\Dmers\Code\school\Structure\Scala\TicTacToe\tictactoe\src\main\scala\TicTacToe.scala
2024.04.18 21:29:24 WARN  Could not load snapshot text for C:\Users\Dmers\Code\school\Structure\Scala\TicTacToe\tictactoe\src\main\scala\TicTacToe.scala
2024.04.18 21:29:26 INFO  compiling root (1 scala source)
2024.04.18 21:29:26 INFO  time: compiled root in 0.14s
2024.04.18 21:29:27 WARN  Could not load snapshot text for C:\Users\Dmers\Code\school\Structure\Scala\TicTacToe\tictactoe\src\main\scala\TicTacToe.scala
2024.04.18 21:29:48 WARN  Could not load snapshot text for C:\Users\Dmers\Code\school\Structure\Scala\TicTacToe\tictactoe\src\main\scala\TicTacToe.scala
2024.04.18 21:29:48 WARN  Could not load snapshot text for C:\Users\Dmers\Code\school\Structure\Scala\TicTacToe\tictactoe\src\main\scala\TicTacToe.scala
2024.04.18 21:29:48 WARN  Could not load snapshot text for C:\Users\Dmers\Code\school\Structure\Scala\TicTacToe\tictactoe\src\main\scala\TicTacToe.scala
2024.04.18 21:29:48 WARN  Could not load snapshot text for C:\Users\Dmers\Code\school\Structure\Scala\TicTacToe\tictactoe\src\main\scala\TicTacToe.scala
2024.04.18 21:29:48 WARN  Could not load snapshot text for C:\Users\Dmers\Code\school\Structure\Scala\TicTacToe\tictactoe\src\main\scala\TicTacToe.scala
2024.04.18 21:29:48 WARN  Could not load snapshot text for C:\Users\Dmers\Code\school\Structure\Scala\TicTacToe\tictactoe\src\main\scala\TicTacToe.scala
2024.04.18 21:29:48 WARN  Could not load snapshot text for C:\Users\Dmers\Code\school\Structure\Scala\TicTacToe\tictactoe\src\main\scala\TicTacToe.scala
Apr 18, 2024 9:29:48 PM org.eclipse.lsp4j.jsonrpc.RemoteEndpoint handleCancellation
WARNING: Unmatched cancel notification for request id 3309
2024.04.18 21:29:48 WARN  Could not load snapshot text for C:\Users\Dmers\Code\school\Structure\Scala\TicTacToe\tictactoe\src\main\scala\TicTacToe.scala
2024.04.18 21:29:48 WARN  Could not load snapshot text for C:\Users\Dmers\Code\school\Structure\Scala\TicTacToe\tictactoe\src\main\scala\TicTacToe.scala
2024.04.18 21:29:48 WARN  Using indexes to guess the definition of GameStatus
2024.04.18 21:29:49 WARN  Could not load snapshot text for C:\Users\Dmers\Code\school\Structure\Scala\TicTacToe\tictactoe\src\main\scala\TicTacToe.scala
2024.04.18 21:29:51 WARN  Could not load snapshot text for C:\Users\Dmers\Code\school\Structure\Scala\TicTacToe\tictactoe\src\main\scala\TicTacToe.scala
2024.04.18 21:29:52 WARN  Could not load snapshot text for C:\Users\Dmers\Code\school\Structure\Scala\TicTacToe\tictactoe\src\main\scala\TicTacToe.scala
2024.04.18 21:29:53 WARN  Could not load snapshot text for C:\Users\Dmers\Code\school\Structure\Scala\TicTacToe\tictactoe\src\main\scala\TicTacToe.scala
2024.04.18 21:29:54 WARN  Could not load snapshot text for C:\Users\Dmers\Code\school\Structure\Scala\TicTacToe\tictactoe\src\main\scala\TicTacToe.scala
2024.04.18 21:29:55 INFO  compiling root (1 scala source)
2024.04.18 21:29:55 INFO  time: compiled root in 50ms
2024.04.18 21:29:56 WARN  Could not load snapshot text for C:\Users\Dmers\Code\school\Structure\Scala\TicTacToe\tictactoe\src\main\scala\TicTacToe.scala
2024.04.18 21:30:01 WARN  Could not load snapshot text for C:\Users\Dmers\Code\school\Structure\Scala\TicTacToe\tictactoe\src\main\scala\TicTacToe.scala
2024.04.18 21:30:01 WARN  Could not load snapshot text for C:\Users\Dmers\Code\school\Structure\Scala\TicTacToe\tictactoe\src\main\scala\TicTacToe.scala
2024.04.18 21:30:02 WARN  Could not load snapshot text for C:\Users\Dmers\Code\school\Structure\Scala\TicTacToe\tictactoe\src\main\scala\TicTacToe.scala
Apr 18, 2024 9:30:03 PM org.eclipse.lsp4j.jsonrpc.RemoteEndpoint handleCancellation
WARNING: Unmatched cancel notification for request id 3394
2024.04.18 21:30:03 WARN  Could not load snapshot text for C:\Users\Dmers\Code\school\Structure\Scala\TicTacToe\tictactoe\src\main\scala\TicTacToe.scala
2024.04.18 21:30:06 INFO  compiling root (1 scala source)
2024.04.18 21:30:06 INFO  time: compiled root in 51ms
2024.04.18 21:30:08 INFO  compiling root (1 scala source)
2024.04.18 21:30:08 WARN  Could not load snapshot text for C:\Users\Dmers\Code\school\Structure\Scala\TicTacToe\tictactoe\src\main\scala\TicTacToe.scala
2024.04.18 21:30:08 INFO  time: compiled root in 0.13s
2024.04.18 21:30:08 WARN  Could not load snapshot text for C:\Users\Dmers\Code\school\Structure\Scala\TicTacToe\tictactoe\src\main\scala\TicTacToe.scala
2024.04.18 21:30:09 WARN  Could not load snapshot text for C:\Users\Dmers\Code\school\Structure\Scala\TicTacToe\tictactoe\src\main\scala\TicTacToe.scala
2024.04.18 21:30:13 WARN  Could not load snapshot text for C:\Users\Dmers\Code\school\Structure\Scala\TicTacToe\tictactoe\src\main\scala\TicTacToe.scala
2024.04.18 21:30:19 WARN  Could not load snapshot text for C:\Users\Dmers\Code\school\Structure\Scala\TicTacToe\tictactoe\src\main\scala\TicTacToe.scala
2024.04.18 21:30:43 WARN  Could not load snapshot text for C:\Users\Dmers\Code\school\Structure\Scala\TicTacToe\tictactoe\src\main\scala\TicTacToe.scala
2024.04.18 21:31:27 INFO  compiling root (2 scala sources)
2024.04.18 21:31:27 INFO  time: compiled root in 0.17s
2024.04.18 21:31:27 INFO  compiling root (2 scala sources)
2024.04.18 21:31:27 INFO  time: compiled root in 0.19s
2024.04.18 21:31:30 INFO  compiling root (2 scala sources)
2024.04.18 21:31:30 INFO  time: compiled root in 0.16s
2024.04.18 21:31:30 INFO  compiling root (2 scala sources)
2024.04.18 21:31:30 INFO  time: compiled root in 0.17s
2024.04.18 21:32:12 INFO  compiling root (4 scala sources)
2024.04.18 21:32:12 INFO  time: compiled root in 0.22s
2024.04.18 21:32:45 INFO  compiling root (4 scala sources)
2024.04.18 21:32:45 INFO  time: compiled root in 0.22s
2024.04.18 21:32:52 INFO  compiling root (4 scala sources)
2024.04.18 21:32:52 INFO  time: compiled root in 0.23s
2024.04.18 21:32:53 WARN  Could not load snapshot text for C:\Users\Dmers\Code\school\Structure\Scala\TicTacToe\tictactoe\src\main\scala\TicTacToe.scala
2024.04.18 21:32:56 WARN  Could not load snapshot text for C:\Users\Dmers\Code\school\Structure\Scala\TicTacToe\tictactoe\src\main\scala\TicTacToe.scala
2024.04.18 21:32:58 WARN  Could not load snapshot text for C:\Users\Dmers\Code\school\Structure\Scala\TicTacToe\tictactoe\src\main\scala\TicTacToe.scala
2024.04.18 21:33:14 INFO  compiling root (4 scala sources)
2024.04.18 21:33:14 INFO  time: compiled root in 0.24s
2024.04.18 21:33:16 WARN  Could not load snapshot text for C:\Users\Dmers\Code\school\Structure\Scala\TicTacToe\tictactoe\src\main\scala\TicTacToe.scala
2024.04.18 21:33:16 WARN  Could not load snapshot text for C:\Users\Dmers\Code\school\Structure\Scala\TicTacToe\tictactoe\src\main\scala\TicTacToe.scala
2024.04.18 21:33:16 WARN  Could not load snapshot text for C:\Users\Dmers\Code\school\Structure\Scala\TicTacToe\tictactoe\src\main\scala\TicTacToe.scala
2024.04.18 21:33:16 WARN  Could not load snapshot text for C:\Users\Dmers\Code\school\Structure\Scala\TicTacToe\tictactoe\src\main\scala\TicTacToe.scala
2024.04.18 21:33:16 WARN  Could not load snapshot text for C:\Users\Dmers\Code\school\Structure\Scala\TicTacToe\tictactoe\src\main\scala\TicTacToe.scala
2024.04.18 21:33:16 WARN  Could not load snapshot text for C:\Users\Dmers\Code\school\Structure\Scala\TicTacToe\tictactoe\src\main\scala\TicTacToe.scala
Apr 18, 2024 9:33:16 PM org.eclipse.lsp4j.jsonrpc.RemoteEndpoint handleCancellation
WARNING: Unmatched cancel notification for request id 3922
2024.04.18 21:33:16 WARN  Could not load snapshot text for C:\Users\Dmers\Code\school\Structure\Scala\TicTacToe\tictactoe\src\main\scala\TicTacToe.scala
2024.04.18 21:33:16 WARN  Could not load snapshot text for C:\Users\Dmers\Code\school\Structure\Scala\TicTacToe\tictactoe\src\main\scala\TicTacToe.scala
2024.04.18 21:33:16 WARN  Could not load snapshot text for C:\Users\Dmers\Code\school\Structure\Scala\TicTacToe\tictactoe\src\main\scala\TicTacToe.scala
2024.04.18 21:33:16 WARN  Could not load snapshot text for C:\Users\Dmers\Code\school\Structure\Scala\TicTacToe\tictactoe\src\main\scala\TicTacToe.scala
2024.04.18 21:33:16 INFO  compiling root (4 scala sources)
2024.04.18 21:33:16 WARN  Could not load snapshot text for C:\Users\Dmers\Code\school\Structure\Scala\TicTacToe\tictactoe\src\main\scala\TicTacToe.scala
2024.04.18 21:33:16 INFO  time: compiled root in 0.26s
2024.04.18 21:33:17 WARN  Could not load snapshot text for C:\Users\Dmers\Code\school\Structure\Scala\TicTacToe\tictactoe\src\main\scala\TicTacToe.scala
2024.04.18 21:33:18 INFO  compiling root (4 scala sources)
2024.04.18 21:33:18 INFO  time: compiled root in 0.24s
2024.04.18 21:33:18 WARN  Could not load snapshot text for C:\Users\Dmers\Code\school\Structure\Scala\TicTacToe\tictactoe\src\main\scala\TicTacToe.scala
2024.04.18 21:33:19 INFO  compiling root (4 scala sources)
2024.04.18 21:33:19 INFO  time: compiled root in 0.25s
2024.04.18 21:33:21 WARN  Could not load snapshot text for C:\Users\Dmers\Code\school\Structure\Scala\TicTacToe\tictactoe\src\main\scala\TicTacToe.scala
2024.04.18 21:33:21 WARN  Could not load snapshot text for C:\Users\Dmers\Code\school\Structure\Scala\TicTacToe\tictactoe\src\main\scala\TicTacToe.scala
2024.04.18 21:33:21 WARN  Could not load snapshot text for C:\Users\Dmers\Code\school\Structure\Scala\TicTacToe\tictactoe\src\main\scala\TicTacToe.scala
2024.04.18 21:33:22 WARN  Could not load snapshot text for C:\Users\Dmers\Code\school\Structure\Scala\TicTacToe\tictactoe\src\main\scala\TicTacToe.scala
2024.04.18 21:33:22 INFO  compiling root (4 scala sources)
2024.04.18 21:33:22 INFO  time: compiled root in 0.26s
2024.04.18 21:33:23 WARN  Could not load snapshot text for C:\Users\Dmers\Code\school\Structure\Scala\TicTacToe\tictactoe\src\main\scala\TicTacToe.scala
2024.04.18 21:33:25 WARN  Could not load snapshot text for C:\Users\Dmers\Code\school\Structure\Scala\TicTacToe\tictactoe\src\main\scala\TicTacToe.scala
2024.04.18 21:33:25 WARN  Could not load snapshot text for C:\Users\Dmers\Code\school\Structure\Scala\TicTacToe\tictactoe\src\main\scala\TicTacToe.scala
2024.04.18 21:33:25 WARN  Could not load snapshot text for C:\Users\Dmers\Code\school\Structure\Scala\TicTacToe\tictactoe\src\main\scala\TicTacToe.scala
2024.04.18 21:33:25 WARN  Could not load snapshot text for C:\Users\Dmers\Code\school\Structure\Scala\TicTacToe\tictactoe\src\main\scala\TicTacToe.scala
2024.04.18 21:33:25 WARN  Could not load snapshot text for C:\Users\Dmers\Code\school\Structure\Scala\TicTacToe\tictactoe\src\main\scala\TicTacToe.scala
2024.04.18 21:33:25 INFO  compiling root (4 scala sources)
2024.04.18 21:33:25 INFO  time: compiled root in 0.26s
2024.04.18 21:33:26 WARN  Could not load snapshot text for C:\Users\Dmers\Code\school\Structure\Scala\TicTacToe\tictactoe\src\main\scala\TicTacToe.scala
2024.04.18 21:33:32 WARN  Could not load snapshot text for C:\Users\Dmers\Code\school\Structure\Scala\TicTacToe\tictactoe\src\main\scala\TicTacToe.scala
2024.04.18 21:33:32 INFO  compiling root (2 scala sources)
2024.04.18 21:33:32 INFO  time: compiled root in 0.22s
2024.04.18 21:33:36 INFO  compiling root (2 scala sources)
2024.04.18 21:33:36 INFO  time: compiled root in 0.21s
2024.04.18 21:34:01 INFO  compiling root (2 scala sources)
2024.04.18 21:34:01 INFO  time: compiled root in 0.21s
2024.04.18 21:34:18 INFO  compiling root (2 scala sources)
2024.04.18 21:34:18 INFO  time: compiled root in 0.23s
2024.04.18 21:34:46 INFO  compiling root (2 scala sources)
2024.04.18 21:34:46 INFO  time: compiled root in 0.25s
2024.04.18 21:34:50 INFO  compiling root (2 scala sources)
2024.04.18 21:34:50 INFO  time: compiled root in 0.18s
2024.04.18 21:35:04 INFO  compiling root (2 scala sources)
2024.04.18 21:35:04 INFO  time: compiled root in 0.19s
Apr 18, 2024 9:35:41 PM org.eclipse.lsp4j.jsonrpc.RemoteEndpoint handleCancellation
WARNING: Unmatched cancel notification for request id 4325
2024.04.18 21:35:53 INFO  compiling root (2 scala sources)
2024.04.18 21:35:53 INFO  time: compiled root in 0.2s
2024.04.18 21:35:53 INFO  compiling root (1 scala source)
2024.04.18 21:35:53 INFO  time: compiled root in 0.13s
2024.04.18 21:36:20 INFO  compiling root (2 scala sources)
2024.04.18 21:36:20 INFO  time: compiled root in 0.2s
2024.04.18 21:36:20 INFO  compiling root (1 scala source)
2024.04.18 21:36:20 INFO  time: compiled root in 0.15s
2024.04.18 21:36:23 INFO  compiling root (2 scala sources)
2024.04.18 21:36:23 INFO  time: compiled root in 0.18s
2024.04.18 21:36:44 INFO  compiling root (2 scala sources)
Apr 18, 2024 9:36:44 PM org.eclipse.lsp4j.jsonrpc.RemoteEndpoint handleCancellation
WARNING: Unmatched cancel notification for request id 4452
2024.04.18 21:36:44 INFO  time: compiled root in 0.18s
2024.04.18 21:36:49 INFO  compiling root (4 scala sources)
2024.04.18 21:36:49 INFO  time: compiled root in 0.21s
2024.04.18 21:36:53 INFO  compiling root (4 scala sources)
2024.04.18 21:36:53 INFO  time: compiled root in 0.21s
2024.04.18 21:37:16 INFO  compiling root (4 scala sources)
2024.04.18 21:37:16 INFO  time: compiled root in 0.21s
2024.04.18 21:38:58 INFO  compiling root (4 scala sources)
2024.04.18 21:38:58 INFO  time: compiled root in 0.21s
2024.04.18 21:39:08 INFO  compiling root (4 scala sources)
2024.04.18 21:39:08 INFO  time: compiled root in 0.23s
2024.04.18 21:39:30 INFO  compiling root (4 scala sources)
2024.04.18 21:39:30 INFO  time: compiled root in 0.21s
2024.04.18 21:39:43 INFO  compiling root (4 scala sources)
2024.04.18 21:39:43 INFO  time: compiled root in 0.22s
2024.04.18 21:40:16 INFO  compiling root (4 scala sources)
2024.04.18 21:40:16 INFO  time: compiled root in 0.19s
Apr 18, 2024 9:40:18 PM org.eclipse.lsp4j.jsonrpc.RemoteEndpoint handleCancellation
WARNING: Unmatched cancel notification for request id 5096
2024.04.18 21:41:34 INFO  compiling root (4 scala sources)
2024.04.18 21:41:34 INFO  time: compiled root in 87ms
2024.04.18 21:41:56 INFO  compiling root (4 scala sources)
2024.04.18 21:41:56 INFO  time: compiled root in 0.22s
2024.04.18 21:42:45 INFO  compiling root (1 scala source)
2024.04.18 21:42:45 INFO  time: compiled root in 0.15s
2024.04.18 21:42:46 WARN  Could not load snapshot text for C:\Users\Dmers\Code\school\Structure\Scala\TicTacToe\tictactoe\src\main\scala\TicTacToe.scala
2024.04.18 21:42:59 WARN  Could not load snapshot text for C:\Users\Dmers\Code\school\Structure\Scala\TicTacToe\tictactoe\src\main\scala\TicTacToe.scala
2024.04.18 21:42:59 WARN  Could not load snapshot text for C:\Users\Dmers\Code\school\Structure\Scala\TicTacToe\tictactoe\src\main\scala\TicTacToe.scala
2024.04.18 21:43:00 INFO  compiling root (1 scala source)
2024.04.18 21:43:00 INFO  time: compiled root in 0.15s
2024.04.18 21:43:00 WARN  Could not load snapshot text for C:\Users\Dmers\Code\school\Structure\Scala\TicTacToe\tictactoe\src\main\scala\TicTacToe.scala
2024.04.18 21:43:53 WARN  Could not load snapshot text for C:\Users\Dmers\Code\school\Structure\Scala\TicTacToe\tictactoe\src\main\scala\TicTacToe.scala
2024.04.18 21:43:54 WARN  Could not load snapshot text for C:\Users\Dmers\Code\school\Structure\Scala\TicTacToe\tictactoe\src\main\scala\TicTacToe.scala
2024.04.18 21:43:55 INFO  compiling root (1 scala source)
2024.04.18 21:43:55 INFO  time: compiled root in 0.13s
2024.04.18 21:43:55 WARN  Could not load snapshot text for C:\Users\Dmers\Code\school\Structure\Scala\TicTacToe\tictactoe\src\main\scala\TicTacToe.scala
2024.04.18 21:44:11 WARN  Could not load snapshot text for C:\Users\Dmers\Code\school\Structure\Scala\TicTacToe\tictactoe\src\main\scala\TicTacToe.scala
2024.04.18 21:44:13 WARN  Could not load snapshot text for C:\Users\Dmers\Code\school\Structure\Scala\TicTacToe\tictactoe\src\main\scala\TicTacToe.scala
2024.04.18 21:44:13 INFO  compiling root (1 scala source)
2024.04.18 21:44:13 INFO  time: compiled root in 0.14s
2024.04.18 21:44:13 WARN  Could not load snapshot text for C:\Users\Dmers\Code\school\Structure\Scala\TicTacToe\tictactoe\src\main\scala\TicTacToe.scala
2024.04.18 21:44:17 INFO  compiling root (1 scala source)
2024.04.18 21:44:17 INFO  time: compiled root in 0.15s
2024.04.18 21:44:17 INFO  compiling root (1 scala source)
2024.04.18 21:44:17 INFO  time: compiled root in 0.14s
2024.04.18 21:44:19 INFO  compiling root (2 scala sources)
2024.04.18 21:44:19 INFO  time: compiled root in 0.15s
2024.04.18 21:44:25 WARN  Could not load snapshot text for C:\Users\Dmers\Code\school\Structure\Scala\TicTacToe\tictactoe\src\main\scala\TicTacToe.scala
2024.04.18 21:44:26 WARN  Could not load snapshot text for C:\Users\Dmers\Code\school\Structure\Scala\TicTacToe\tictactoe\src\main\scala\TicTacToe.scala
2024.04.18 21:44:27 INFO  compiling root (2 scala sources)
2024.04.18 21:44:27 INFO  time: compiled root in 0.15s
2024.04.18 21:44:27 WARN  Could not load snapshot text for C:\Users\Dmers\Code\school\Structure\Scala\TicTacToe\tictactoe\src\main\scala\TicTacToe.scala
2024.04.18 21:44:36 INFO  compiling root (2 scala sources)
2024.04.18 21:44:36 INFO  time: compiled root in 0.15s
2024.04.18 21:44:43 WARN  Could not load snapshot text for C:\Users\Dmers\Code\school\Structure\Scala\TicTacToe\tictactoe\src\main\scala\TicTacToe.scala
2024.04.18 21:44:44 WARN  Could not load snapshot text for C:\Users\Dmers\Code\school\Structure\Scala\TicTacToe\tictactoe\src\main\scala\TicTacToe.scala
2024.04.18 21:44:44 INFO  compiling root (2 scala sources)
2024.04.18 21:44:44 WARN  Could not load snapshot text for C:\Users\Dmers\Code\school\Structure\Scala\TicTacToe\tictactoe\src\main\scala\TicTacToe.scala
2024.04.18 21:44:44 WARN  Could not load snapshot text for C:\Users\Dmers\Code\school\Structure\Scala\TicTacToe\tictactoe\src\main\scala\TicTacToe.scala
2024.04.18 21:44:44 INFO  time: compiled root in 0.15s
2024.04.18 21:44:45 WARN  Could not load snapshot text for C:\Users\Dmers\Code\school\Structure\Scala\TicTacToe\tictactoe\src\main\scala\TicTacToe.scala
2024.04.18 21:44:50 INFO  compiling root (2 scala sources)
2024.04.18 21:44:50 INFO  time: compiled root in 0.16s
2024.04.18 21:44:58 INFO  compiling root (1 scala source)
2024.04.18 21:44:58 INFO  time: compiled root in 0.15s
Apr 18, 2024 9:45:06 PM org.eclipse.lsp4j.jsonrpc.RemoteEndpoint handleCancellation
WARNING: Unmatched cancel notification for request id 5581
2024.04.18 21:45:06 WARN  Could not load snapshot text for C:\Users\Dmers\Code\school\Structure\Scala\TicTacToe\tictactoe\src\main\scala\TicTacToe.scala
2024.04.18 21:45:52 INFO  compiling root (2 scala sources)
2024.04.18 21:45:52 INFO  time: compiled root in 0.17s
2024.04.18 21:45:53 WARN  Could not load snapshot text for C:\Users\Dmers\Code\school\Structure\Scala\TicTacToe\tictactoe\src\main\scala\Board.scala
2024.04.18 21:45:53 WARN  Could not load snapshot text for C:\Users\Dmers\Code\school\Structure\Scala\TicTacToe\tictactoe\src\main\scala\Board.scala
2024.04.18 21:45:55 INFO  compiling root (2 scala sources)
2024.04.18 21:45:55 INFO  time: compiled root in 0.15s
2024.04.18 21:45:56 WARN  Could not load snapshot text for C:\Users\Dmers\Code\school\Structure\Scala\TicTacToe\tictactoe\src\main\scala\Board.scala
2024.04.18 21:45:56 INFO  compiling root (2 scala sources)
2024.04.18 21:45:56 INFO  time: compiled root in 0.15s
2024.04.18 21:45:57 WARN  Could not load snapshot text for C:\Users\Dmers\Code\school\Structure\Scala\TicTacToe\tictactoe\src\main\scala\Board.scala
2024.04.18 21:45:58 WARN  Could not load snapshot text for C:\Users\Dmers\Code\school\Structure\Scala\TicTacToe\tictactoe\src\main\scala\TicTacToe.scala
2024.04.18 21:45:58 WARN  Could not load snapshot text for C:\Users\Dmers\Code\school\Structure\Scala\TicTacToe\tictactoe\src\main\scala\TicTacToe.scala
2024.04.18 21:46:00 WARN  Could not load snapshot text for C:\Users\Dmers\Code\school\Structure\Scala\TicTacToe\tictactoe\src\main\scala\Board.scala
2024.04.18 21:46:01 WARN  Could not load snapshot text for C:\Users\Dmers\Code\school\Structure\Scala\TicTacToe\tictactoe\src\main\scala\Board.scala
2024.04.18 21:46:01 WARN  Could not load snapshot text for C:\Users\Dmers\Code\school\Structure\Scala\TicTacToe\tictactoe\src\main\scala\Board.scala
2024.04.18 21:46:02 INFO  compiling root (2 scala sources)
2024.04.18 21:46:02 INFO  time: compiled root in 0.16s
2024.04.18 21:47:01 INFO  compiling root (1 scala source)
2024.04.18 21:47:01 INFO  time: compiled root in 0.15s
2024.04.18 21:50:29 INFO  Shutting down server
2024.04.18 21:50:29 INFO  shutting down Metals
2024.04.18 21:50:29 INFO  Shut down connection with build server.
2024.04.18 21:50:29 INFO  Exiting server
2024.04.19 10:46:31 INFO  Started: Metals version 1.3.0 in folders 'C:\Users\Dmers\Code\school\Structure\Scala\TicTacToe' for client Visual Studio Code 1.88.1.
SLF4J: Class path contains multiple SLF4J providers.
SLF4J: Found provider [scribe.slf4j.ScribeServiceProvider@3c5bb4f1]
SLF4J: Found provider [ch.qos.logback.classic.spi.LogbackServiceProvider@66ea6313]
SLF4J: See https://www.slf4j.org/codes.html#multiple_bindings for an explanation.
SLF4J: Actual provider is of type [scribe.slf4j.ScribeServiceProvider@3c5bb4f1]
2024.04.19 10:46:31 WARN  Flyway upgrade recommended: H2 2.2.224 is newer than this version of Flyway and support has not been tested. The latest supported version of H2 is 2.2.220.
2024.04.19 10:46:33 INFO  Attempting to connect to the build server...
2024.04.19 10:46:36 INFO  tracing is disabled for protocol BSP, to enable tracing of incoming and outgoing JSON messages create an empty file at C:\Users\Dmers\Code\school\Structure\Scala\TicTacToe\.metals\bsp.trace.json or C:\Users\Dmers\AppData\Local\scalameta\metals\cache\bsp.trace.json
2024.04.19 10:46:36 INFO  time: Connected to build server in 3.25s
2024.04.19 10:46:36 INFO  Connected to Build server: Bloop v1.5.17
2024.04.19 10:46:36 INFO  time: Imported build in 0.11s
2024.04.19 10:46:42 INFO  no build target found for C:\Users\Dmers\Code\school\Structure\Scala\TicTacToe\tictactoe\src\main\scala\Board.scala. Using presentation compiler with project's scala-library version: 3.3.3
2024.04.19 10:46:46 INFO  time: indexed workspace in 3.85s
2024.04.19 10:56:18 INFO  compiling root (1 scala source)
2024.04.19 10:56:21 INFO  time: compiled root in 2.92s
2024.04.19 10:58:02 INFO  compiling root (1 scala source)
2024.04.19 10:58:02 INFO  time: compiled root in 0.75s
2024.04.19 10:58:03 WARN  Could not load snapshot text for C:\Users\Dmers\Code\school\Structure\Scala\TicTacToe\tictactoe\src\main\scala\Player.scala
2024.04.19 10:59:19 WARN  Could not load snapshot text for C:\Users\Dmers\Code\school\Structure\Scala\TicTacToe\tictactoe\src\main\scala\Player.scala
2024.04.19 10:59:23 WARN  Could not load snapshot text for C:\Users\Dmers\Code\school\Structure\Scala\TicTacToe\tictactoe\src\main\scala\Player.scala
2024.04.19 10:59:26 WARN  Could not load snapshot text for C:\Users\Dmers\Code\school\Structure\Scala\TicTacToe\tictactoe\src\main\scala\Player.scala
2024.04.19 10:59:30 WARN  Could not load snapshot text for C:\Users\Dmers\Code\school\Structure\Scala\TicTacToe\tictactoe\src\main\scala\Player.scala
2024.04.19 10:59:31 WARN  Could not load snapshot text for C:\Users\Dmers\Code\school\Structure\Scala\TicTacToe\tictactoe\src\main\scala\Player.scala
Apr 19, 2024 10:59:31 AM org.eclipse.lsp4j.jsonrpc.RemoteEndpoint handleCancellation
WARNING: Unmatched cancel notification for request id 257
2024.04.19 10:59:32 WARN  Could not load snapshot text for C:\Users\Dmers\Code\school\Structure\Scala\TicTacToe\tictactoe\src\main\scala\Player.scala
2024.04.19 10:59:34 WARN  Could not load snapshot text for C:\Users\Dmers\Code\school\Structure\Scala\TicTacToe\tictactoe\src\main\scala\Player.scala
Apr 19, 2024 10:59:34 AM org.eclipse.lsp4j.jsonrpc.RemoteEndpoint handleCancellation
WARNING: Unmatched cancel notification for request id 275
2024.04.19 10:59:34 WARN  Could not load snapshot text for C:\Users\Dmers\Code\school\Structure\Scala\TicTacToe\tictactoe\src\main\scala\Player.scala
2024.04.19 10:59:35 WARN  Could not load snapshot text for C:\Users\Dmers\Code\school\Structure\Scala\TicTacToe\tictactoe\src\main\scala\Player.scala
2024.04.19 10:59:37 WARN  Could not load snapshot text for C:\Users\Dmers\Code\school\Structure\Scala\TicTacToe\tictactoe\src\main\scala\Player.scala
2024.04.19 10:59:39 WARN  Could not load snapshot text for C:\Users\Dmers\Code\school\Structure\Scala\TicTacToe\tictactoe\src\main\scala\Player.scala
2024.04.19 10:59:39 WARN  Could not load snapshot text for C:\Users\Dmers\Code\school\Structure\Scala\TicTacToe\tictactoe\src\main\scala\Player.scala
2024.04.19 10:59:42 WARN  Could not load snapshot text for C:\Users\Dmers\Code\school\Structure\Scala\TicTacToe\tictactoe\src\main\scala\Player.scala
2024.04.19 10:59:44 WARN  Could not load snapshot text for C:\Users\Dmers\Code\school\Structure\Scala\TicTacToe\tictactoe\src\main\scala\Player.scala
2024.04.19 10:59:47 INFO  compiling root (1 scala source)
2024.04.19 10:59:47 INFO  time: compiled root in 0.3s
2024.04.19 10:59:49 INFO  compiling root (1 scala source)
2024.04.19 10:59:49 INFO  time: compiled root in 0.14s
Apr 19, 2024 11:01:06 AM org.eclipse.lsp4j.jsonrpc.RemoteEndpoint handleCancellation
WARNING: Unmatched cancel notification for request id 423
2024.04.19 11:01:12 INFO  compiling root (1 scala source)
2024.04.19 11:01:12 INFO  time: compiled root in 0.42s
2024.04.19 11:02:49 INFO  compiling root (1 scala source)
2024.04.19 11:02:49 INFO  time: compiled root in 0.15s
2024.04.19 11:05:42 INFO  compiling root (1 scala source)
2024.04.19 11:05:42 INFO  time: compiled root in 0.25s
2024.04.19 11:07:10 INFO  compiling root (1 scala source)
2024.04.19 11:07:10 INFO  time: compiled root in 92ms
2024.04.19 11:07:45 INFO  compiling root (1 scala source)
2024.04.19 11:07:45 INFO  time: compiled root in 86ms
2024.04.19 11:07:56 INFO  compiling root (1 scala source)
2024.04.19 11:07:56 INFO  time: compiled root in 0.21s
2024.04.19 11:12:52 INFO  compiling root (1 scala source)
2024.04.19 11:12:52 INFO  time: compiled root in 66ms
2024.04.19 11:13:29 INFO  compiling root (1 scala source)
2024.04.19 11:13:29 INFO  time: compiled root in 57ms
2024.04.19 11:13:41 INFO  compiling root (1 scala source)
2024.04.19 11:13:41 INFO  time: compiled root in 60ms
2024.04.19 11:13:44 INFO  compiling root (1 scala source)
2024.04.19 11:13:44 INFO  time: compiled root in 56ms
2024.04.19 11:18:56 INFO  compiling root (2 scala sources)
2024.04.19 11:18:56 INFO  time: compiled root in 0.13s
2024.04.19 11:20:25 INFO  compiling root (2 scala sources)
2024.04.19 11:20:25 INFO  time: compiled root in 0.13s
2024.04.19 11:21:22 INFO  compiling root (2 scala sources)
Apr 19, 2024 11:21:22 AM org.eclipse.lsp4j.jsonrpc.RemoteEndpoint handleCancellation
WARNING: Unmatched cancel notification for request id 784
2024.04.19 11:21:22 INFO  time: compiled root in 0.16s
2024.04.19 11:21:22 INFO  compiling root (2 scala sources)
2024.04.19 11:21:22 INFO  time: compiled root in 0.15s
2024.04.19 11:21:30 INFO  compiling root (2 scala sources)
2024.04.19 11:21:30 INFO  time: compiled root in 0.12s
2024.04.19 11:26:00 INFO  compiling root (2 scala sources)
2024.04.19 11:26:00 INFO  time: compiled root in 0.11s
Apr 19, 2024 11:26:09 AM org.eclipse.lsp4j.jsonrpc.RemoteEndpoint handleCancellation
WARNING: Unmatched cancel notification for request id 873
2024.04.19 11:26:10 INFO  compiling root (2 scala sources)
2024.04.19 11:26:10 INFO  time: compiled root in 0.27s
2024.04.19 11:27:46 INFO  compiling root (1 scala source)
2024.04.19 11:27:46 INFO  time: compiled root in 0.25s
2024.04.19 11:27:46 WARN  Could not load snapshot text for C:\Users\Dmers\Code\school\Structure\Scala\TicTacToe\tictactoe\src\main\scala\Player.scala
2024.04.19 11:27:59 WARN  Could not load snapshot text for C:\Users\Dmers\Code\school\Structure\Scala\TicTacToe\tictactoe\src\main\scala\Player.scala
2024.04.19 11:28:02 WARN  Could not load snapshot text for C:\Users\Dmers\Code\school\Structure\Scala\TicTacToe\tictactoe\src\main\scala\Player.scala
2024.04.19 11:28:20 WARN  Could not load snapshot text for C:\Users\Dmers\Code\school\Structure\Scala\TicTacToe\tictactoe\src\main\scala\Player.scala
2024.04.19 11:28:30 INFO  compiling root (2 scala sources)
2024.04.19 11:28:30 INFO  time: compiled root in 0.24s
2024.04.19 11:29:22 WARN  Could not load snapshot text for C:\Users\Dmers\Code\school\Structure\Scala\TicTacToe\tictactoe\src\main\scala\Player.scala
2024.04.19 11:29:23 WARN  Could not load snapshot text for C:\Users\Dmers\Code\school\Structure\Scala\TicTacToe\tictactoe\src\main\scala\Player.scala
2024.04.19 11:31:36 WARN  Could not load snapshot text for C:\Users\Dmers\Code\school\Structure\Scala\TicTacToe\tictactoe\src\main\scala\Player.scala
2024.04.19 11:31:42 WARN  Could not load snapshot text for C:\Users\Dmers\Code\school\Structure\Scala\TicTacToe\tictactoe\src\main\scala\Player.scala
2024.04.19 11:31:44 INFO  compiling root (2 scala sources)
2024.04.19 11:31:44 INFO  time: compiled root in 0.26s
2024.04.19 11:34:26 INFO  compiling root (1 scala source)
2024.04.19 11:34:26 INFO  time: compiled root in 0.19s
2024.04.19 11:34:35 WARN  Using indexes to guess the definition of checkWin
2024.04.19 11:34:41 INFO  compiling root (2 scala sources)
2024.04.19 11:34:41 INFO  time: compiled root in 0.27s
2024.04.19 11:34:44 INFO  compiling root (4 scala sources)
2024.04.19 11:34:44 INFO  time: compiled root in 0.29s
2024.04.19 11:34:44 INFO  compiling root (4 scala sources)
2024.04.19 11:34:44 INFO  time: compiled root in 0.34s
2024.04.19 11:34:46 WARN  Could not load snapshot text for C:\Users\Dmers\Code\school\Structure\Scala\TicTacToe\tictactoe\src\main\scala\TicTacToe.scala
2024.04.19 11:39:21 WARN  Could not load snapshot text for C:\Users\Dmers\Code\school\Structure\Scala\TicTacToe\tictactoe\src\main\scala\TicTacToe.scala
2024.04.19 11:39:25 WARN  Could not load snapshot text for C:\Users\Dmers\Code\school\Structure\Scala\TicTacToe\tictactoe\src\main\scala\TicTacToe.scala
2024.04.19 11:39:50 INFO  compiling root (4 scala sources)
2024.04.19 11:39:50 WARN  there was 1 deprecation warning; re-run with -deprecation for details
2024.04.19 11:39:50 INFO  time: compiled root in 0.46s
2024.04.19 11:42:42 INFO  compiling root (1 scala source)
2024.04.19 11:42:42 INFO  time: compiled root in 0.26s
2024.04.19 11:42:48 INFO  compiling root (2 scala sources)
2024.04.19 11:42:48 INFO  time: compiled root in 0.24s
2024.04.19 11:42:49 WARN  Could not load snapshot text for C:\Users\Dmers\Code\school\Structure\Scala\TicTacToe\tictactoe\src\main\scala\Player.scala
2024.04.19 11:42:52 INFO  compiling root (2 scala sources)
2024.04.19 11:42:52 INFO  time: compiled root in 0.23s
2024.04.19 11:43:01 INFO  compiling root (4 scala sources)
2024.04.19 11:43:01 INFO  time: compiled root in 0.23s
2024.04.19 11:43:06 INFO  compiling root (4 scala sources)
2024.04.19 11:43:06 INFO  time: compiled root in 0.23s
2024.04.19 12:05:51 INFO  compiling root (4 scala sources)
2024.04.19 12:05:51 INFO  time: compiled root in 0.35s
2024.04.19 12:05:57 INFO  compiling root (1 scala source)
2024.04.19 12:05:57 INFO  time: compiled root in 0.13s
2024.04.19 12:05:57 INFO  compiling root (1 scala source)
2024.04.19 12:05:57 INFO  time: compiled root in 0.13s
2024.04.19 12:06:02 WARN  Could not load snapshot text for C:\Users\Dmers\Code\school\Structure\Scala\TicTacToe\tictactoe\src\main\scala\TicTacToe.scala
2024.04.19 12:06:02 INFO  compiling root (1 scala source)
2024.04.19 12:06:02 INFO  time: compiled root in 0.13s
2024.04.19 12:09:47 INFO  compiling root (1 scala source)
2024.04.19 12:09:47 INFO  time: compiled root in 0.17s
2024.04.19 12:10:25 INFO  compiling root (1 scala source)
2024.04.19 12:10:25 INFO  time: compiled root in 0.16s
2024.04.19 12:10:30 INFO  compiling root (1 scala source)
2024.04.19 12:10:30 INFO  time: compiled root in 0.16s
2024.04.19 12:11:20 INFO  compiling root (1 scala source)
2024.04.19 12:11:20 INFO  time: compiled root in 0.16s
2024.04.19 12:12:45 INFO  compiling root (1 scala source)
2024.04.19 12:12:45 INFO  time: compiled root in 0.17s
2024.04.19 12:13:10 INFO  compiling root (1 scala source)
2024.04.19 12:13:10 INFO  time: compiled root in 0.15s
Apr 19, 2024 12:14:17 PM org.eclipse.lsp4j.jsonrpc.RemoteEndpoint handleCancellation
WARNING: Unmatched cancel notification for request id 1552
2024.04.19 12:20:50 INFO  Shutting down server
2024.04.19 12:20:50 INFO  shutting down Metals
2024.04.19 12:20:50 INFO  Shut down connection with build server.
2024.04.19 12:20:50 INFO  Exiting server
2024.04.19 12:20:57 INFO  Started: Metals version 1.3.0 in folders 'C:\Users\Dmers\Code\school\Structure\Scala\TicTacToe' for client Visual Studio Code 1.88.1.
SLF4J: Class path contains multiple SLF4J providers.
SLF4J: Found provider [scribe.slf4j.ScribeServiceProvider@b711742]
SLF4J: Found provider [ch.qos.logback.classic.spi.LogbackServiceProvider@28cf0df]
SLF4J: See https://www.slf4j.org/codes.html#multiple_bindings for an explanation.
SLF4J: Actual provider is of type [scribe.slf4j.ScribeServiceProvider@b711742]
2024.04.19 12:20:57 WARN  Flyway upgrade recommended: H2 2.2.224 is newer than this version of Flyway and support has not been tested. The latest supported version of H2 is 2.2.220.
2024.04.19 12:20:58 INFO  Attempting to connect to the build server...
2024.04.19 12:20:58 INFO  tracing is disabled for protocol BSP, to enable tracing of incoming and outgoing JSON messages create an empty file at C:\Users\Dmers\Code\school\Structure\Scala\TicTacToe\.metals\bsp.trace.json or C:\Users\Dmers\AppData\Local\scalameta\metals\cache\bsp.trace.json
2024.04.19 12:20:58 INFO  time: Connected to build server in 0.25s
2024.04.19 12:20:58 INFO  Connected to Build server: Bloop v1.5.17
2024.04.19 12:21:02 INFO  time: indexed workspace in 4.34s
